<?xml version="1.0" encoding="UTF-8"?>
<!-- Generated by org.testng.reporters.JUnitXMLReporter -->
<testsuite ignored="0" hostname="DESKTOP-I9RL5TD" failures="1" tests="1" name="Test" time="44.616" errors="0" timestamp="2025-07-07T14:45:21 IST">
  <testcase classname="com_Luma_TestCases.Tc_01_Luma_Registration" name="lumaRegistrationPage" time="23.143">
    <failure type="java.lang.AssertionError" message="expected [true] but found [false]">
      <![CDATA[java.lang.AssertionError: expected [true] but found [false]
at com_Luma_TestCases.Tc_01_Luma_Registration.lumaRegistrationPage(Tc_01_Luma_Registration.java:50)
at java.base/java.util.ArrayList.forEach(ArrayList.java:1511)
... Removed 31 stack frames]]>
    </failure>
  </testcase> <!-- lumaRegistrationPage -->
</testsuite> <!-- Test -->
