<?xml version="1.0" encoding="UTF-8"?>
<testsuite name="TestSuite" time="36.733" tests="1" errors="0" skipped="0" failures="1">
  <properties>
[...]
</properties>
  <testcase name="lumaRegistrationPage" classname="com_Luma_TestCases.Tc_01_Luma_Registration" time="36.733">
    <failure message="expected [true] but found [false]" type="java.lang.AssertionError">java.lang.AssertionError: expected [true] but found [false]
	at org.testng.Assert.fail(Assert.java:111)
	at org.testng.Assert.failNotEquals(Assert.java:1578)
	at org.testng.Assert.assertTrue(Assert.java:57)
	at org.testng.Assert.assertTrue(Assert.java:67)
	at com_Luma_TestCases.Tc_01_Luma_Registration.lumaRegistrationPage(Tc_01_Luma_Registration.java:50)
</failure>
    <system-out><![CDATA[ INFO [main] (Tc_01_Luma_Registration.java:15)- Luma Create an Account Clicking Action is Done!
 INFO [main] (Tc_01_Luma_Registration.java:19)- First name entered Successfully
 INFO [main] (Tc_01_Luma_Registration.java:24)- Last Name Entered successfully
 INFO [main] (Tc_01_Luma_Registration.java:28)- Email Address Entered successfully
 INFO [main] (Tc_01_Luma_Registration.java:32)- Password Entered successfully
 INFO [main] (Tc_01_Luma_Registration.java:36)- Confirm Password Entered successfully
 INFO [main] (Tc_01_Luma_Registration.java:40)- Registration Done Successfully
Fail
]]></system-out>
    <system-err><![CDATA[SLF4J: Failed to load class "org.slf4j.impl.StaticLoggerBinder".
SLF4J: Defaulting to no-operation (NOP) logger implementation
SLF4J: See http://www.slf4j.org/codes.html#StaticLoggerBinder for further details.
Jul 07, 2025 1:02:50 PM org.openqa.selenium.devtools.CdpVersionFinder findNearestMatch
WARNING: Unable to find CDP implementation matching 137
Jul 07, 2025 1:02:50 PM org.openqa.selenium.chromium.ChromiumDriver lambda$new$4
WARNING: Unable to find version of CDP to use for 137.0.7151.120. You may need to include a dependency on a specific version of the CDP using something similar to `org.seleniumhq.selenium:selenium-devtools-v86:4.28.1` where the version ("v86") matches the version of the chromium-based browser you're using and the version number of the artifact is the same as Selenium's.
log4j:ERROR Could not find value for key log4j.appender.DEBUG
log4j:ERROR Could not instantiate appender named "DEBUG".
]]></system-err>
  </testcase>
</testsuite>